main.py (line 11) [INFO] - Bundle v0.0.1
main.py (line 12) [INFO] - Backend: LLVM
main.py (line 13) [INFO] - Target: x86_64-pc-windows-msvc
__init__.py (line 24) [INFO] - Parsed Program:
use "core"
fn main() -> int {
any s = "Hello world"
print_string(s)
return 0
}
analyser.py (line 77) [INFO] - Declared intrinsic panic
analyser.py (line 77) [INFO] - Declared intrinsic __buffer
analyser.py (line 77) [INFO] - Declared intrinsic __create_string
analyser.py (line 77) [INFO] - Declared intrinsic __alloc
analyser.py (line 77) [INFO] - Declared intrinsic __free
analyser.py (line 77) [INFO] - Declared intrinsic __memcpy
analyser.py (line 77) [INFO] - Declared intrinsic __format_int
analyser.py (line 77) [INFO] - Declared intrinsic __format_float
analyser.py (line 77) [INFO] - Declared intrinsic __print_pointer
analyser.py (line 77) [INFO] - Declared intrinsic int.+.int
analyser.py (line 77) [INFO] - Declared intrinsic float.+.float
analyser.py (line 77) [INFO] - Declared intrinsic string.ptr
analyser.py (line 77) [INFO] - Declared intrinsic panic
analyser.py (line 77) [INFO] - Declared intrinsic __buffer
analyser.py (line 77) [INFO] - Declared intrinsic __create_string
analyser.py (line 77) [INFO] - Declared intrinsic __alloc
analyser.py (line 77) [INFO] - Declared intrinsic __free
analyser.py (line 77) [INFO] - Declared intrinsic __memcpy
analyser.py (line 77) [INFO] - Declared intrinsic __format_int
analyser.py (line 77) [INFO] - Declared intrinsic __format_float
analyser.py (line 77) [INFO] - Declared intrinsic __print_pointer
analyser.py (line 77) [INFO] - Declared intrinsic int.+.int
analyser.py (line 77) [INFO] - Declared intrinsic float.+.float
analyser.py (line 77) [INFO] - Declared intrinsic string.ptr
analyser.py (line 154) [INFO] - Entering function string.new's body
analyser.py (line 271) [INFO] - Checking if int.+.int's arguments match
analyser.py (line 271) [INFO] - Checking if __alloc's arguments match
analyser.py (line 271) [INFO] - Checking if __memcpy's arguments match
analyser.py (line 271) [INFO] - Checking if __create_string's arguments match
analyser.py (line 154) [INFO] - Entering function int.to_string's body
analyser.py (line 271) [INFO] - Checking if __buffer's arguments match
analyser.py (line 271) [INFO] - Checking if __format_int's arguments match
analyser.py (line 271) [INFO] - Checking if string.new's arguments match
analyser.py (line 154) [INFO] - Entering function float.to_string's body
analyser.py (line 271) [INFO] - Checking if __buffer's arguments match
analyser.py (line 271) [INFO] - Checking if __format_float's arguments match
analyser.py (line 271) [INFO] - Checking if string.new's arguments match
analyser.py (line 154) [INFO] - Entering function string.to_string's body
analyser.py (line 154) [INFO] - Entering function bool.to_string's body
analyser.py (line 271) [INFO] - Checking if string.new's arguments match
analyser.py (line 271) [INFO] - Checking if string.new's arguments match
analyser.py (line 154) [INFO] - Entering function print_string's body
analyser.py (line 271) [INFO] - Checking if string.ptr's arguments match
analyser.py (line 271) [INFO] - Checking if __print_pointer's arguments match
analyser.py (line 154) [INFO] - Entering function string.destroy's body
analyser.py (line 271) [INFO] - Checking if string.ptr's arguments match
analyser.py (line 271) [INFO] - Checking if __free's arguments match
analyser.py (line 204) [INFO] - Imported gem library core
analyser.py (line 154) [INFO] - Entering function main's body
analyser.py (line 271) [INFO] - Checking if string.new's arguments match
analyser.py (line 271) [INFO] - Checking if print_string's arguments match
__init__.py (line 31) [INFO] - Analysed Program:
use "core"
fn main() -> int {
string s = string.new(str_lit("Hello world"), 11)
print_string(s)
return 0
}
memory_manager.py (line 106) [INFO] - Running memory manager
__init__.py (line 33) [WARNING] - No method visit_Use, returning unchanged node
__init__.py (line 33) [WARNING] - No method visit_String, returning unchanged node
memory_manager.py (line 58) [INFO] - Creating owned object: _2 of type string
memory_manager.py (line 149) [INFO] - Transfering ownership of _2 to s
__init__.py (line 33) [WARNING] - No method visit_Id, returning unchanged node
__init__.py (line 33) [WARNING] - No method visit_Int, returning unchanged node
__init__.py (line 38) [INFO] - Memory Safe Program:
use "core"
fn main() -> int {
string _2 = "Hello world"
string s = _2
print_string(s)
// end of scope
string.destroy(&s)
return 0
}
c_registry.py (line 73) [INFO] - Registered C function 'malloc'
c_registry.py (line 73) [INFO] - Registered C function 'calloc'
c_registry.py (line 73) [INFO] - Registered C function 'realloc'
c_registry.py (line 73) [INFO] - Registered C function 'free'
c_registry.py (line 73) [INFO] - Registered C function 'memcpy'
c_registry.py (line 73) [INFO] - Registered C function 'puts'
c_registry.py (line 73) [INFO] - Registered C function 'exit'
c_registry.py (line 73) [INFO] - Registered C function 'snprintf'
__init__.py (line 24) [INFO] - Parsed Program:
use "core"
fn string.new(pointer ptr, int length) -> string {
any ptr_copy = __alloc(length + 1)
__memcpy(ptr_copy, ptr, length, False)
return __create_string(ptr_copy, length)
}
fn int.to_string(int i) -> string {
any buf = __buffer(16)
any length = __format_int(buf, 16, i)
return new string(buf, length)
}
fn float.to_string(float f) -> string {
any buf = __buffer(64)
any length = __format_float(buf, 64, f)
return new string(buf, length)
}
fn string.to_string(string s) -> string {
return s
}
fn bool.to_string(bool b) -> string {
return "true" if b else "false"
}
fn print_string(string value) -> nil {
__print_pointer(value.ptr)
}
fn string.destroy(string& s) -> nil {
__free(s.ptr)
}
analyser.py (line 77) [INFO] - Declared intrinsic panic
analyser.py (line 77) [INFO] - Declared intrinsic __buffer
analyser.py (line 77) [INFO] - Declared intrinsic __create_string
analyser.py (line 77) [INFO] - Declared intrinsic __alloc
analyser.py (line 77) [INFO] - Declared intrinsic __free
analyser.py (line 77) [INFO] - Declared intrinsic __memcpy
analyser.py (line 77) [INFO] - Declared intrinsic __format_int
analyser.py (line 77) [INFO] - Declared intrinsic __format_float
analyser.py (line 77) [INFO] - Declared intrinsic __print_pointer
analyser.py (line 77) [INFO] - Declared intrinsic int.+.int
analyser.py (line 77) [INFO] - Declared intrinsic float.+.float
analyser.py (line 77) [INFO] - Declared intrinsic string.ptr
analyser.py (line 154) [INFO] - Entering function string.new's body
analyser.py (line 271) [INFO] - Checking if int.+.int's arguments match
analyser.py (line 271) [INFO] - Checking if __alloc's arguments match
analyser.py (line 271) [INFO] - Checking if __memcpy's arguments match
analyser.py (line 271) [INFO] - Checking if __create_string's arguments match
analyser.py (line 154) [INFO] - Entering function int.to_string's body
analyser.py (line 271) [INFO] - Checking if __buffer's arguments match
analyser.py (line 271) [INFO] - Checking if __format_int's arguments match
analyser.py (line 271) [INFO] - Checking if string.new's arguments match
analyser.py (line 154) [INFO] - Entering function float.to_string's body
analyser.py (line 271) [INFO] - Checking if __buffer's arguments match
analyser.py (line 271) [INFO] - Checking if __format_float's arguments match
analyser.py (line 271) [INFO] - Checking if string.new's arguments match
analyser.py (line 154) [INFO] - Entering function string.to_string's body
analyser.py (line 154) [INFO] - Entering function bool.to_string's body
analyser.py (line 271) [INFO] - Checking if string.new's arguments match
analyser.py (line 271) [INFO] - Checking if string.new's arguments match
analyser.py (line 154) [INFO] - Entering function print_string's body
analyser.py (line 271) [INFO] - Checking if string.ptr's arguments match
analyser.py (line 271) [INFO] - Checking if __print_pointer's arguments match
analyser.py (line 154) [INFO] - Entering function string.destroy's body
analyser.py (line 271) [INFO] - Checking if string.ptr's arguments match
analyser.py (line 271) [INFO] - Checking if __free's arguments match
__init__.py (line 31) [INFO] - Analysed Program:
use "core"
static fn string.new(pointer ptr, int length) -> string {
pointer ptr_copy = __alloc(int.+.int(length, 1))
__memcpy(ptr_copy, ptr, length, False)
return __create_string(ptr_copy, length)
}
fn int.to_string(int i) -> string {
pointer buf = __buffer(16)
int length = __format_int(buf, 16, i)
return string.new(buf, length)
}
fn float.to_string(float f) -> string {
pointer buf = __buffer(64)
int length = __format_float(buf, 64, f)
return string.new(buf, length)
}
fn string.to_string(string s) -> string {
return s
}
fn bool.to_string(bool b) -> string {
return string.new(str_lit("true"), 4) if b else string.new(str_lit("false"), 5)
}
fn print_string(string value) -> nil {
__print_pointer(string.ptr(value))
}
fn string.destroy(string& s) -> nil {
__free(string.ptr(s))
}
memory_manager.py (line 106) [INFO] - Running memory manager
__init__.py (line 33) [WARNING] - No method visit_Use, returning unchanged node
__init__.py (line 33) [WARNING] - No method visit_Operation, returning unchanged node
__init__.py (line 33) [WARNING] - No method visit_Id, returning unchanged node
__init__.py (line 33) [WARNING] - No method visit_Id, returning unchanged node
__init__.py (line 33) [WARNING] - No method visit_Id, returning unchanged node
__init__.py (line 33) [WARNING] - No method visit_Bool, returning unchanged node
__init__.py (line 33) [WARNING] - No method visit_Id, returning unchanged node
__init__.py (line 33) [WARNING] - No method visit_Id, returning unchanged node
__init__.py (line 33) [WARNING] - No method visit_Int, returning unchanged node
__init__.py (line 33) [WARNING] - No method visit_Id, returning unchanged node
__init__.py (line 33) [WARNING] - No method visit_Int, returning unchanged node
__init__.py (line 33) [WARNING] - No method visit_Id, returning unchanged node
__init__.py (line 33) [WARNING] - No method visit_New, returning unchanged node
__init__.py (line 33) [WARNING] - No method visit_Int, returning unchanged node
__init__.py (line 33) [WARNING] - No method visit_Id, returning unchanged node
__init__.py (line 33) [WARNING] - No method visit_Int, returning unchanged node
__init__.py (line 33) [WARNING] - No method visit_Id, returning unchanged node
__init__.py (line 33) [WARNING] - No method visit_New, returning unchanged node
__init__.py (line 33) [WARNING] - No method visit_Id, returning unchanged node
__init__.py (line 33) [WARNING] - No method visit_Ternary, returning unchanged node
__init__.py (line 33) [WARNING] - No method visit_Attribute, returning unchanged node
__init__.py (line 33) [WARNING] - No method visit_Attribute, returning unchanged node
__init__.py (line 38) [INFO] - Memory Safe Program:
use "core"
static fn string.new(pointer ptr, int length) -> string {
any ptr_copy = __alloc(length + 1)
__memcpy(ptr_copy, ptr, length, False)
// end of scope
return __create_string(ptr_copy, length)
}
fn int.to_string(int i) -> string {
any buf = __buffer(16)
any length = __format_int(buf, 16, i)
// end of scope
return new string(buf, length)
}
fn float.to_string(float f) -> string {
any buf = __buffer(64)
any length = __format_float(buf, 64, f)
// end of scope
return new string(buf, length)
}
fn string.to_string(string s) -> string {
// end of scope
return s
}
fn bool.to_string(bool b) -> string {
// end of scope
return "true" if b else "false"
}
fn print_string(string value) -> nil {
__print_pointer(value.ptr)
// end of scope
}
fn string.destroy(string& s) -> nil {
__free(s.ptr)
// end of scope
}
c_registry.py (line 73) [INFO] - Registered C function 'malloc'
c_registry.py (line 73) [INFO] - Registered C function 'calloc'
c_registry.py (line 73) [INFO] - Registered C function 'realloc'
c_registry.py (line 73) [INFO] - Registered C function 'free'
c_registry.py (line 73) [INFO] - Registered C function 'memcpy'
c_registry.py (line 73) [INFO] - Registered C function 'puts'
c_registry.py (line 73) [INFO] - Registered C function 'exit'
c_registry.py (line 73) [INFO] - Registered C function 'snprintf'
__init__.py (line 50) [INFO] - Wrote LLVM IR to C:\Programming\Python\Gem\gem\stdlib\core\core.ll
__init__.py (line 66) [INFO] - Executing compilation command: clang -c -o C:\Programming\Python\Gem\gem\stdlib\core\core.o C:\Programming\Python\Gem\gem\stdlib\core\core.ll -Wno-override-module -Wall -Werror -Wpedantic -Wextra -g
__init__.py (line 68) [INFO] - Wrote object file to C:\Programming\Python\Gem\gem\stdlib\core\core.o
code_generation.py (line 256) [INFO] - Imported gem library core
__init__.py (line 50) [INFO] - Wrote LLVM IR to examples\test.ll
__init__.py (line 66) [INFO] - Executing compilation command: clang -c -o examples\test.o examples\test.ll -Wno-override-module -Wall -Werror -Wpedantic -Wextra -g
__init__.py (line 68) [INFO] - Wrote object file to examples\test.o
__init__.py (line 80) [INFO] - Executing compilation command: clang -o examples\test.exe examples\test.o C:\Programming\Python\Gem\gem\stdlib\core\core.o
__init__.py (line 82) [INFO] - Wrote executable to examples\test.exe
